This is pdfTeX, Version 3.141592653-2.6-1.40.25 (MiKTeX 24.1) (preloaded format=pdflatex 2024.3.14)  14 MAR 2024 21:37
entering extended mode
 restricted \write18 enabled.
 %&-line parsing enabled.
**./SRS.tex
(SRS.tex
LaTeX2e <2023-11-01> patch level 1
L3 programming layer <2024-01-04>
(C:\Users\csgau\AppData\Local\Programs\MiKTeX\tex/latex/base\article.cls
Document Class: article 2023/05/17 v1.4n Standard LaTeX document class
(C:\Users\csgau\AppData\Local\Programs\MiKTeX\tex/latex/base\size12.clo
File: size12.clo 2023/05/17 v1.4n Standard LaTeX file (size option)
)
\c@part=\count187
\c@section=\count188
\c@subsection=\count189
\c@subsubsection=\count190
\c@paragraph=\count191
\c@subparagraph=\count192
\c@figure=\count193
\c@table=\count194
\abovecaptionskip=\skip48
\belowcaptionskip=\skip49
\bibindent=\dimen140
)
(C:\Users\csgau\AppData\Local\Programs\MiKTeX\tex/latex/geometry\geometry.sty
Package: geometry 2020/01/02 v5.9 Page Geometry

(C:\Users\csgau\AppData\Local\Programs\MiKTeX\tex/latex/graphics\keyval.sty
Package: keyval 2022/05/29 v1.15 key=value parser (DPC)
\KV@toks@=\toks17
)
(C:\Users\csgau\AppData\Local\Programs\MiKTeX\tex/generic/iftex\ifvtex.sty
Package: ifvtex 2019/10/25 v1.7 ifvtex legacy package. Use iftex instead.

(C:\Users\csgau\AppData\Local\Programs\MiKTeX\tex/generic/iftex\iftex.sty
Package: iftex 2022/02/03 v1.0f TeX engine tests
))
\Gm@cnth=\count195
\Gm@cntv=\count196
\c@Gm@tempcnt=\count197
\Gm@bindingoffset=\dimen141
\Gm@wd@mp=\dimen142
\Gm@odd@mp=\dimen143
\Gm@even@mp=\dimen144
\Gm@layoutwidth=\dimen145
\Gm@layoutheight=\dimen146
\Gm@layouthoffset=\dimen147
\Gm@layoutvoffset=\dimen148
\Gm@dimlist=\toks18

(C:\Users\csgau\AppData\Local\Programs\MiKTeX\tex/latex/geometry\geometry.cfg))
(C:\Users\csgau\AppData\Local\Programs\MiKTeX\tex/latex/psnfss\times.sty
Package: times 2020/03/25 PSNFSS-v9.3 (SPQR) 
)
(C:\Users\csgau\AppData\Local\Programs\MiKTeX\tex/latex/graphics\graphicx.sty
Package: graphicx 2021/09/16 v1.2d Enhanced LaTeX Graphics (DPC,SPQR)

(C:\Users\csgau\AppData\Local\Programs\MiKTeX\tex/latex/graphics\graphics.sty
Package: graphics 2022/03/10 v1.4e Standard LaTeX Graphics (DPC,SPQR)

(C:\Users\csgau\AppData\Local\Programs\MiKTeX\tex/latex/graphics\trig.sty
Package: trig 2021/08/11 v1.11 sin cos tan (DPC)
)
(C:\Users\csgau\AppData\Local\Programs\MiKTeX\tex/latex/graphics-cfg\graphics.c
fg
File: graphics.cfg 2016/06/04 v1.11 sample graphics configuration
)
Package graphics Info: Driver file: pdftex.def on input line 107.

(C:\Users\csgau\AppData\Local\Programs\MiKTeX\tex/latex/graphics-def\pdftex.def
File: pdftex.def 2022/09/22 v1.2b Graphics/color driver for pdftex
))
\Gin@req@height=\dimen149
\Gin@req@width=\dimen150
)
(C:\Users\csgau\AppData\Local\Programs\MiKTeX\tex/latex/fancyhdr\fancyhdr.sty
Package: fancyhdr 2022/11/09 v4.1 Extensive control of page headers and footers

\f@nch@headwidth=\skip50
\f@nch@O@elh=\skip51
\f@nch@O@erh=\skip52
\f@nch@O@olh=\skip53
\f@nch@O@orh=\skip54
\f@nch@O@elf=\skip55
\f@nch@O@erf=\skip56
\f@nch@O@olf=\skip57
\f@nch@O@orf=\skip58
)
(C:\Users\csgau\AppData\Local\Programs\MiKTeX\tex/latex/enumitem\enumitem.sty
Package: enumitem 2019/06/20 v3.9 Customized lists
\labelindent=\skip59
\enit@outerparindent=\dimen151
\enit@toks=\toks19
\enit@inbox=\box51
\enit@count@id=\count198
\enitdp@description=\count199
)
(C:\Users\csgau\AppData\Local\Programs\MiKTeX\tex/latex/setspace\setspace.sty
Package: setspace 2022/12/04 v6.7b set line spacing
)
(C:\Users\csgau\AppData\Local\Programs\MiKTeX\tex/latex/xcolor\xcolor.sty
Package: xcolor 2023/11/15 v3.01 LaTeX color extensions (UK)

(C:\Users\csgau\AppData\Local\Programs\MiKTeX\tex/latex/graphics-cfg\color.cfg
File: color.cfg 2016/01/02 v1.6 sample color configuration
)
Package xcolor Info: Driver file: pdftex.def on input line 274.
(C:\Users\csgau\AppData\Local\Programs\MiKTeX\tex/latex/graphics\mathcolor.ltx)
Package xcolor Info: Model `cmy' substituted by `cmy0' on input line 1350.
Package xcolor Info: Model `hsb' substituted by `rgb' on input line 1354.
Package xcolor Info: Model `RGB' extended on input line 1366.
Package xcolor Info: Model `HTML' substituted by `rgb' on input line 1368.
Package xcolor Info: Model `Hsb' substituted by `hsb' on input line 1369.
Package xcolor Info: Model `tHsb' substituted by `hsb' on input line 1370.
Package xcolor Info: Model `HSB' substituted by `hsb' on input line 1371.
Package xcolor Info: Model `Gray' substituted by `gray' on input line 1372.
Package xcolor Info: Model `wave' substituted by `hsb' on input line 1373.
)
LaTeX Font Info:    Trying to load font information for OT1+ptm on input line 3
2.
 (C:\Users\csgau\AppData\Local\Programs\MiKTeX\tex/latex/psnfss\ot1ptm.fd
File: ot1ptm.fd 2001/06/04 font definitions for OT1/ptm.
)
(C:\Users\csgau\AppData\Local\Programs\MiKTeX\tex/latex/l3backend\l3backend-pdf
tex.def
File: l3backend-pdftex.def 2024-01-04 L3 backend support: PDF output (pdfTeX)
\l__color_backend_stack_int=\count266
\l__pdf_internal_box=\box52
) (SRS.aux)
\openout1 = `SRS.aux'.

LaTeX Font Info:    Checking defaults for OML/cmm/m/it on input line 32.
LaTeX Font Info:    ... okay on input line 32.
LaTeX Font Info:    Checking defaults for OMS/cmsy/m/n on input line 32.
LaTeX Font Info:    ... okay on input line 32.
LaTeX Font Info:    Checking defaults for OT1/cmr/m/n on input line 32.
LaTeX Font Info:    ... okay on input line 32.
LaTeX Font Info:    Checking defaults for T1/cmr/m/n on input line 32.
LaTeX Font Info:    ... okay on input line 32.
LaTeX Font Info:    Checking defaults for TS1/cmr/m/n on input line 32.
LaTeX Font Info:    ... okay on input line 32.
LaTeX Font Info:    Checking defaults for OMX/cmex/m/n on input line 32.
LaTeX Font Info:    ... okay on input line 32.
LaTeX Font Info:    Checking defaults for U/cmr/m/n on input line 32.
LaTeX Font Info:    ... okay on input line 32.

*geometry* driver: auto-detecting
*geometry* detected driver: pdftex
*geometry* verbose mode - [ preamble ] result:
* driver: pdftex
* paper: <default>
* layout: <same size as paper>
* layoutoffset:(h,v)=(0.0pt,0.0pt)
* modes: 
* h-part:(L,W,R)=(72.26999pt, 469.75502pt, 72.26999pt)
* v-part:(T,H,B)=(72.26999pt, 650.43001pt, 72.26999pt)
* \paperwidth=614.295pt
* \paperheight=794.96999pt
* \textwidth=469.75502pt
* \textheight=650.43001pt
* \oddsidemargin=0.0pt
* \evensidemargin=0.0pt
* \topmargin=-37.0pt
* \headheight=12.0pt
* \headsep=25.0pt
* \topskip=12.0pt
* \footskip=30.0pt
* \marginparwidth=44.0pt
* \marginparsep=10.0pt
* \columnsep=10.0pt
* \skip\footins=10.8pt plus 4.0pt minus 2.0pt
* \hoffset=0.0pt
* \voffset=0.0pt
* \mag=1000
* \@twocolumnfalse
* \@twosidefalse
* \@mparswitchfalse
* \@reversemarginfalse
* (1in=72.27pt=25.4mm, 1cm=28.453pt)


(C:\Users\csgau\AppData\Local\Programs\MiKTeX\tex/context/base/mkii\supp-pdf.mk
ii
[Loading MPS to PDF converter (version 2006.09.02).]
\scratchcounter=\count267
\scratchdimen=\dimen152
\scratchbox=\box53
\nofMPsegments=\count268
\nofMParguments=\count269
\everyMPshowfont=\toks20
\MPscratchCnt=\count270
\MPscratchDim=\dimen153
\MPnumerator=\count271
\makeMPintoPDFobject=\count272
\everyMPtoPDFconversion=\toks21
)
(C:\Users\csgau\AppData\Local\Programs\MiKTeX\tex/latex/epstopdf-pkg\epstopdf-b
ase.sty
Package: epstopdf-base 2020-01-24 v2.11 Base part for package epstopdf
Package epstopdf-base Info: Redefining graphics rule for `.eps' on input line 4
85.

(C:\Users\csgau\AppData\Local\Programs\MiKTeX\tex/latex/00miktex\epstopdf-sys.c
fg
File: epstopdf-sys.cfg 2021/03/18 v2.0 Configuration of epstopdf for MiKTeX
))
<RSET.png, id=1, 361.35pt x 450.68375pt>
File: RSET.png Graphic file (type png)
<use RSET.png>
Package pdftex.def Info: RSET.png  used on input line 38.
(pdftex.def)             Requested size: 113.81102pt x 141.9455pt.
 [1

{C:/Users/csgau/AppData/Local/MiKTeX/fonts/map/pdftex/pdftex.map}{C:/Users/csga
u/AppData/Local/Programs/MiKTeX/fonts/enc/dvips/base/8r.enc} <./RSET.png>] [2] 
(SRS.toc
LaTeX Font Info:    External font `cmex10' loaded for size
(Font)              <12> on input line 2.
LaTeX Font Info:    External font `cmex10' loaded for size
(Font)              <8> on input line 2.
LaTeX Font Info:    External font `cmex10' loaded for size
(Font)              <6> on input line 2.


Package fancyhdr Warning: \headheight is too small (12.0pt): 
(fancyhdr)                Make it at least 14.49998pt, for example:
(fancyhdr)                \setlength{\headheight}{14.49998pt}.
(fancyhdr)                You might also make \topmargin smaller to compensate:

(fancyhdr)                \addtolength{\topmargin}{-2.49998pt}.


Overfull \hbox (5.52174pt too wide) has occurred while \output is active
[][][][][][][]|  
 []

[3])
\tf@toc=\write3
\openout3 = `SRS.toc'.



Package fancyhdr Warning: \headheight is too small (12.0pt): 
(fancyhdr)                Make it at least 14.49998pt, for example:
(fancyhdr)                \setlength{\headheight}{14.49998pt}.
(fancyhdr)                You might also make \topmargin smaller to compensate:

(fancyhdr)                \addtolength{\topmargin}{-2.49998pt}.


Overfull \hbox (5.52174pt too wide) has occurred while \output is active
[][][][][][][]|  
 []

[4]
Overfull \hbox (32.52315pt too wide) in paragraph at lines 141--142
\OT1/ptm/m/n/12 anal-y-sis, ma-chine trans-la-tion, and text sum-ma-riza-tion. 
By fo-cus-ing on the unique lin-guis-tic char-ac-ter-is-tics
 []


Overfull \hbox (14.0075pt too wide) in paragraph at lines 141--142
\OT1/ptm/m/n/12 lin-guis-tic re-sources, the project aims to con-tribute to the
 ad-vance-ment of NLP re-search and tech-nol-ogy
 []


Package fancyhdr Warning: \headheight is too small (12.0pt): 
(fancyhdr)                Make it at least 14.49998pt, for example:
(fancyhdr)                \setlength{\headheight}{14.49998pt}.
(fancyhdr)                You might also make \topmargin smaller to compensate:

(fancyhdr)                \addtolength{\topmargin}{-2.49998pt}.


Overfull \hbox (5.52174pt too wide) has occurred while \output is active
[][][][][][][]|  
 []

[1]
Overfull \hbox (15.26653pt too wide) in paragraph at lines 160--161
[]\OT1/ptm/b/n/12 Innovation: \OT1/ptm/m/n/12 De-vel-op-ing a Malay-alam parser
 for dataset cre-ation is sig-nif-i-cant as it en-com-passes
 []


Overfull \hbox (23.12675pt too wide) in paragraph at lines 160--161
\OT1/ptm/m/n/12 cru-cial lin-guis-tic tasks such as to-k-eniza-tion, part-of-sp
eech tag-ging, and named en-tity recog-ni-tion.
 []

<architecture.png, id=23, 2430.07875pt x 3132.70375pt>
File: architecture.png Graphic file (type png)
<use architecture.png>
Package pdftex.def Info: architecture.png  used on input line 180.
(pdftex.def)             Requested size: 284.52756pt x 366.77821pt.

Package fancyhdr Warning: \headheight is too small (12.0pt): 
(fancyhdr)                Make it at least 14.49998pt, for example:
(fancyhdr)                \setlength{\headheight}{14.49998pt}.
(fancyhdr)                You might also make \topmargin smaller to compensate:

(fancyhdr)                \addtolength{\topmargin}{-2.49998pt}.


Overfull \hbox (5.52174pt too wide) has occurred while \output is active
[][][][][][][]|  
 []

[2]

Package fancyhdr Warning: \headheight is too small (12.0pt): 
(fancyhdr)                Make it at least 14.49998pt, for example:
(fancyhdr)                \setlength{\headheight}{14.49998pt}.
(fancyhdr)                You might also make \topmargin smaller to compensate:

(fancyhdr)                \addtolength{\topmargin}{-2.49998pt}.


Overfull \hbox (5.52174pt too wide) has occurred while \output is active
[][][][][][][]|  
 []

[3 <./architecture.png>]
Overfull \hbox (24.09995pt too wide) in paragraph at lines 200--203
\OT1/ptm/m/n/12 For cre-at-ing the Malay-alam Parser, the op-er-at-ing en-vi-ro
n-ment en-com-passes the fol-low-ing spec-i-fi-ca-tions: 
 []


Overfull \hbox (10.97159pt too wide) in paragraph at lines 207--210
[]\OT1/ptm/m/n/12 Minimum hard-ware re-quire-ments in-clude a mod-ern pro-ces-s
or (e.g., In-tel Core i5 or equiv-a-lent),
 []


Overfull \hbox (23.51147pt too wide) in paragraph at lines 215--218
[]\OT1/ptm/m/n/12 The soft-ware should be com-pat-i-ble with pop-u-lar op-er-at
-ing sys-tems used for soft-ware de-vel-op-ment
 []


Overfull \hbox (24.49509pt too wide) in paragraph at lines 227--228
[]\OT1/ptm/m/n/12 The Malay-alam Parser may re-quire in-te-gra-tion with var-i-
ous soft-ware com-po-nents and ap-pli-ca-tions
 []


Package fancyhdr Warning: \headheight is too small (12.0pt): 
(fancyhdr)                Make it at least 14.49998pt, for example:
(fancyhdr)                \setlength{\headheight}{14.49998pt}.
(fancyhdr)                You might also make \topmargin smaller to compensate:

(fancyhdr)                \addtolength{\topmargin}{-2.49998pt}.


Overfull \hbox (5.52174pt too wide) has occurred while \output is active
[][][][][][][]|  
 []

[4]
Overfull \hbox (7.35968pt too wide) in paragraph at lines 234--235
\OT1/ptm/m/n/12 The de-vel-op-ment of the Malay-alam Parser is sub-ject to var-
i-ous con-straints and lim-i-ta-tions, in-clud-ing: 
 []


Overfull \hbox (18.08684pt too wide) in paragraph at lines 237--241
[]\OT1/ptm/b/n/12 Hardware Lim-i-ta-tions: \OT1/ptm/m/n/12 The soft-ware must b
e op-ti-mized to op-er-ate within hard-ware lim-i-ta-tions,
 []


Overfull \hbox (20.93124pt too wide) in paragraph at lines 252--256
\OT1/ptm/m/n/12 pro-gram-ming stan-dards, and cod-ing guide-lines is paramount.
 De-vel-op-ers must fol-low es-tab-lished
 []


Overfull \hbox (17.94276pt too wide) in paragraph at lines 252--256
\OT1/ptm/m/n/12 best prac-tices and or-ga-ni-za-tional stan-dards to en-sure ma
in-tain-abil-ity, read-abil-ity, and con-sis-tency
 []


Overfull \hbox (1.58708pt too wide) in paragraph at lines 260--264
\OT1/ptm/m/n/12 Malay-alam Parser will rely on third-party or com-mer-cial com-
po-nents. The project is in-tended
 []


Package fancyhdr Warning: \headheight is too small (12.0pt): 
(fancyhdr)                Make it at least 14.49998pt, for example:
(fancyhdr)                \setlength{\headheight}{14.49998pt}.
(fancyhdr)                You might also make \topmargin smaller to compensate:

(fancyhdr)                \addtolength{\topmargin}{-2.49998pt}.


Overfull \hbox (5.52174pt too wide) has occurred while \output is active
[][][][][][][]|  
 []

[5]
Overfull \hbox (24.15834pt too wide) in paragraph at lines 268--279
\OT1/ptm/m/n/12 de-ploy-ment of the Malay-alam Parser will meet the spec-i-fied
 re-quire-ments, in-clud-ing com-pat-i-bil-ity
 []


Overfull \hbox (2.16217pt too wide) in paragraph at lines 279--283
[]\OT1/ptm/b/n/12 Constraints and Lim-i-ta-tions: \OT1/ptm/m/n/12 The project a
s-sumes that con-straints and lim-i-ta-tions iden-ti-fied
 []


Overfull \hbox (13.7439pt too wide) in paragraph at lines 283--287
\OT1/ptm/m/n/12 reused soft-ware com-po-nents from other projects. Any de-pen-d
en-cies aris-ing dur-ing de-vel-op-ment
 []


Package fancyhdr Warning: \headheight is too small (12.0pt): 
(fancyhdr)                Make it at least 14.49998pt, for example:
(fancyhdr)                \setlength{\headheight}{14.49998pt}.
(fancyhdr)                You might also make \topmargin smaller to compensate:

(fancyhdr)                \addtolength{\topmargin}{-2.49998pt}.


Overfull \hbox (5.52174pt too wide) has occurred while \output is active
[][][][][][][]|  
 []

[6]

Package fancyhdr Warning: \headheight is too small (12.0pt): 
(fancyhdr)                Make it at least 14.49998pt, for example:
(fancyhdr)                \setlength{\headheight}{14.49998pt}.
(fancyhdr)                You might also make \topmargin smaller to compensate:

(fancyhdr)                \addtolength{\topmargin}{-2.49998pt}.


Overfull \hbox (5.52174pt too wide) has occurred while \output is active
[][][][][][][]|  
 []

[7]
Overfull \hbox (2.75243pt too wide) in paragraph at lines 344--346
\OT1/ptm/m/n/12 The sys-tem fea-tures for the Malay-alam Parser are or-ga-nized
 to high-light the ma-jor ser-vices pro-vided
 []


Overfull \hbox (14.95538pt too wide) in paragraph at lines 346--348
[]\OT1/ptm/b/n/12 Text Pars-ing: \OT1/ptm/m/n/12 The parser breaks down Malay-a
lam lan-guage text into its con-stituent com-po-nents
 []


Overfull \hbox (2.51122pt too wide) in paragraph at lines 350--352
[]\OT1/ptm/b/n/12 Dependency Pars-ing: \OT1/ptm/m/n/12 Iden-ti-fy-ing the syn-t
ac-tic de-pen-den-cies be-tween words in a Malay-alam
 []


Package fancyhdr Warning: \headheight is too small (12.0pt): 
(fancyhdr)                Make it at least 14.49998pt, for example:
(fancyhdr)                \setlength{\headheight}{14.49998pt}.
(fancyhdr)                You might also make \topmargin smaller to compensate:

(fancyhdr)                \addtolength{\topmargin}{-2.49998pt}.


Overfull \hbox (5.52174pt too wide) has occurred while \output is active
[][][][][][][]|  
 []

[8]
Overfull \hbox (3.37587pt too wide) in paragraph at lines 379--381
[]\OT1/ptm/m/n/12 The sys-tem shall to-k-enize words in Malay-alam text, con-si
d-er-ing com-pound words and af-fixes. 
 []


Overfull \hbox (2.79944pt too wide) in paragraph at lines 383--385
[]\OT1/ptm/m/n/12 The sys-tem shall han-dle vari-a-tions in spelling and word f
orms com-monly found in Malay-alam
 []


Package fancyhdr Warning: \headheight is too small (12.0pt): 
(fancyhdr)                Make it at least 14.49998pt, for example:
(fancyhdr)                \setlength{\headheight}{14.49998pt}.
(fancyhdr)                You might also make \topmargin smaller to compensate:

(fancyhdr)                \addtolength{\topmargin}{-2.49998pt}.


Overfull \hbox (5.52174pt too wide) has occurred while \output is active
[][][][][][][]|  
 []

[9]
Overfull \hbox (9.46062pt too wide) in paragraph at lines 395--398
\OT1/ptm/m/n/12 This fea-ture in-volves per-form-ing lemma-ti-za-tion to iden-t
ify the base form of words and mor-pho-log-i-cal
 []


Overfull \hbox (4.11893pt too wide) in paragraph at lines 407--409
[]\OT1/ptm/m/n/12 The sys-tem shall an-a-lyze the mor-phol-ogy of Malay-alam wo
rds to de-ter-mine their gram-mat-i-cal
 []


Overfull \hbox (17.79929pt too wide) in paragraph at lines 409--411
[]\OT1/ptm/m/n/12 The sys-tem shall han-dle vari-a-tions in word forms and in-f
lec-tions com-monly found in Malay-alam. 
 []


Package fancyhdr Warning: \headheight is too small (12.0pt): 
(fancyhdr)                Make it at least 14.49998pt, for example:
(fancyhdr)                \setlength{\headheight}{14.49998pt}.
(fancyhdr)                You might also make \topmargin smaller to compensate:

(fancyhdr)                \addtolength{\topmargin}{-2.49998pt}.


Overfull \hbox (5.52174pt too wide) has occurred while \output is active
[][][][][][][]|  
 []

[10]

Package fancyhdr Warning: \headheight is too small (12.0pt): 
(fancyhdr)                Make it at least 14.49998pt, for example:
(fancyhdr)                \setlength{\headheight}{14.49998pt}.
(fancyhdr)                You might also make \topmargin smaller to compensate:

(fancyhdr)                \addtolength{\topmargin}{-2.49998pt}.


Overfull \hbox (5.52174pt too wide) has occurred while \output is active
[][][][][][][]|  
 []

[11]
Overfull \hbox (13.65936pt too wide) in paragraph at lines 462--464
[]\OT1/ptm/m/n/12 The sys-tem shall han-dle com-plex sen-tence struc-tures, in-
clud-ing co-or-di-na-tion and sub-or-di-na-tion. 
 []


Package fancyhdr Warning: \headheight is too small (12.0pt): 
(fancyhdr)                Make it at least 14.49998pt, for example:
(fancyhdr)                \setlength{\headheight}{14.49998pt}.
(fancyhdr)                You might also make \topmargin smaller to compensate:

(fancyhdr)                \addtolength{\topmargin}{-2.49998pt}.


Overfull \hbox (5.52174pt too wide) has occurred while \output is active
[][][][][][][]|  
 []

[12]

Package fancyhdr Warning: \headheight is too small (12.0pt): 
(fancyhdr)                Make it at least 14.49998pt, for example:
(fancyhdr)                \setlength{\headheight}{14.49998pt}.
(fancyhdr)                You might also make \topmargin smaller to compensate:

(fancyhdr)                \addtolength{\topmargin}{-2.49998pt}.


Overfull \hbox (5.52174pt too wide) has occurred while \output is active
[][][][][][][]|  
 []

[13]
Overfull \hbox (14.43857pt too wide) in paragraph at lines 520--522
[]\OT1/ptm/m/n/12 The sys-tem shall sup-port stan-dard part-of-speech tag sets 
for Malay-alam, en-sur-ing com-pat-i-bil-ity
 []


Package fancyhdr Warning: \headheight is too small (12.0pt): 
(fancyhdr)                Make it at least 14.49998pt, for example:
(fancyhdr)                \setlength{\headheight}{14.49998pt}.
(fancyhdr)                You might also make \topmargin smaller to compensate:

(fancyhdr)                \addtolength{\topmargin}{-2.49998pt}.


Overfull \hbox (5.52174pt too wide) has occurred while \output is active
[][][][][][][]|  
 []

[14]

Package fancyhdr Warning: \headheight is too small (12.0pt): 
(fancyhdr)                Make it at least 14.49998pt, for example:
(fancyhdr)                \setlength{\headheight}{14.49998pt}.
(fancyhdr)                You might also make \topmargin smaller to compensate:

(fancyhdr)                \addtolength{\topmargin}{-2.49998pt}.


Overfull \hbox (5.52174pt too wide) has occurred while \output is active
[][][][][][][]|  
 []

[15]
Overfull \hbox (9.77176pt too wide) in paragraph at lines 580--585
\OT1/ptm/m/n/12 Rationale: Se-man-tic anal-y-sis in-volves pro-cess-ing text to
 un-der-stand its mean-ing, re-quir-ing sig-nif-i-cant
 []


Overfull \hbox (8.09126pt too wide) in paragraph at lines 580--585
\OT1/ptm/m/n/12 com-pu-ta-tional re-sources. Ef-fi-cient per-for-mance is cru-c
ial for real-time or near real-time ap-pli-ca-tions,
 []


Package fancyhdr Warning: \headheight is too small (12.0pt): 
(fancyhdr)                Make it at least 14.49998pt, for example:
(fancyhdr)                \setlength{\headheight}{14.49998pt}.
(fancyhdr)                You might also make \topmargin smaller to compensate:

(fancyhdr)                \addtolength{\topmargin}{-2.49998pt}.


Overfull \hbox (5.52174pt too wide) has occurred while \output is active
[][][][][][][]|  
 []

[16]
Overfull \hbox (5.55919pt too wide) in paragraph at lines 630--637
\OT1/ptm/m/n/12 in-ter-op-er-abil-ity al-lows in-te-gra-tion with other NLP com
-po-nents. Testa-bil-ity en-sures thor-ough test-ing,
 []


Package fancyhdr Warning: \headheight is too small (12.0pt): 
(fancyhdr)                Make it at least 14.49998pt, for example:
(fancyhdr)                \setlength{\headheight}{14.49998pt}.
(fancyhdr)                You might also make \topmargin smaller to compensate:

(fancyhdr)                \addtolength{\topmargin}{-2.49998pt}.


Overfull \hbox (5.52174pt too wide) has occurred while \output is active
[][][][][][][]|  
 []

[17]
Overfull \hbox (22.9957pt too wide) in paragraph at lines 653--655
\OT1/ptm/m/n/12 Sen-tence De-tec-tor and Cor-rec-tion. In-ter-na-tional Jour-na
l of En-gi-neer-ing Re-search and Tech-nol-ogy
 []


Overfull \hbox (14.86009pt too wide) in paragraph at lines 655--658
\OT1/ptm/m/n/12 Hindi Sen-tences us-ing Nat-u-ral Lan-guage Pro-cess-ing. In-di
an Jour-nal of Sci-ence and Tech-nol-ogy,
 []


Overfull \hbox (10.64793pt too wide) in paragraph at lines 662--665
\OT1/ptm/m/n/12 Dif-fer-ent Ap-proaches. In-ter-na-tional Jour-nal of Com-puter
 Sci-ence and In-for-ma-tion Tech-nol-ogy.
 []


Package fancyhdr Warning: \headheight is too small (12.0pt): 
(fancyhdr)                Make it at least 14.49998pt, for example:
(fancyhdr)                \setlength{\headheight}{14.49998pt}.
(fancyhdr)                You might also make \topmargin smaller to compensate:

(fancyhdr)                \addtolength{\topmargin}{-2.49998pt}.


Overfull \hbox (5.52174pt too wide) has occurred while \output is active
[][][][][][][]|  
 []

[18]
Overfull \hbox (12.21922pt too wide) in paragraph at lines 674--677
\OT1/ptm/m/n/12 Texts us-ing NLP Ap-proaches. 2014 In-ter-na-tional Con-fer-enc
e on Ad-vances in ICT for Emerg-ing
 []


Package fancyhdr Warning: \headheight is too small (12.0pt): 
(fancyhdr)                Make it at least 14.49998pt, for example:
(fancyhdr)                \setlength{\headheight}{14.49998pt}.
(fancyhdr)                You might also make \topmargin smaller to compensate:

(fancyhdr)                \addtolength{\topmargin}{-2.49998pt}.


Overfull \hbox (5.52174pt too wide) has occurred while \output is active
[][][][][][][]|  
 []

[19] (SRS.aux)
 ***********
LaTeX2e <2023-11-01> patch level 1
L3 programming layer <2024-01-04>
 ***********
 ) 
Here is how much of TeX's memory you used:
 3024 strings out of 474486
 48812 string characters out of 5743755
 1936542 words of memory out of 5000000
 25292 multiletter control sequences out of 15000+600000
 577432 words of font info for 67 fonts, out of 8000000 for 9000
 1141 hyphenation exceptions out of 8191
 57i,12n,65p,669b,412s stack positions out of 10000i,1000n,20000p,200000b,200000s
<C:/Users/csgau/AppData/Local/Programs/MiKTeX/fonts/type1/urw/times/utmb8a.pf
b><C:/Users/csgau/AppData/Local/Programs/MiKTeX/fonts/type1/urw/times/utmbi8a.p
fb><C:/Users/csgau/AppData/Local/Programs/MiKTeX/fonts/type1/urw/times/utmr8a.p
fb>
Output written on SRS.pdf (23 pages, 332269 bytes).
PDF statistics:
 97 PDF objects out of 1000 (max. 8388607)
 0 named destinations out of 1000 (max. 500000)
 11 words of extra memory for PDF output out of 10000 (max. 10000000)

